Building DAG of jobs...
Using shell: /usr/bin/bash
Provided cores: 50
Rules claiming more threads will be scaled down.
Job stats:
job                  count
-----------------  -------
all                      1
create_experiment        1
get_features             1
obtain_features          1
train_and_predict        1
total                    5

Select jobs to execute...
Execute 1 jobs...

[Wed Aug 28 22:10:40 2024]
localrule create_experiment:
    output: experiments/yikes_snakemake/config.json, experiments/yikes_snakemake/experiment_obj.pkl, experiments/yikes_snakemake/model_config.json
    jobid: 1
    reason: Missing output files: experiments/yikes_snakemake/config.json, experiments/yikes_snakemake/experiment_obj.pkl, experiments/yikes_snakemake/model_config.json
    resources: tmpdir=/tmp

[Wed Aug 28 22:10:42 2024]
Finished job 1.
1 of 5 steps (20%) done
Select jobs to execute...
Execute 1 jobs...

[Wed Aug 28 22:10:42 2024]
localrule obtain_features:
    input: experiments/yikes_snakemake/config.json, experiments/yikes_snakemake/experiment_obj.pkl
    output: experiments/yikes_snakemake/preprocessing_results_obj.pkl, experiments/yikes_snakemake/linear_regression_model.pkl
    jobid: 2
    reason: Missing output files: experiments/yikes_snakemake/linear_regression_model.pkl, experiments/yikes_snakemake/preprocessing_results_obj.pkl; Input files updated by another job: experiments/yikes_snakemake/config.json, experiments/yikes_snakemake/experiment_obj.pkl; Params have changed since last execution
    resources: tmpdir=/tmp

[Wed Aug 28 23:00:10 2024]
Finished job 2.
2 of 5 steps (40%) done
Select jobs to execute...
Execute 1 jobs...

[Wed Aug 28 23:00:10 2024]
localrule get_features:
    input: experiments/yikes_snakemake/preprocessing_results_obj.pkl
    output: experiments/yikes_snakemake/features_and_targets.pkl
    jobid: 3
    reason: Missing output files: experiments/yikes_snakemake/features_and_targets.pkl; Input files updated by another job: experiments/yikes_snakemake/preprocessing_results_obj.pkl
    resources: tmpdir=/tmp

[Wed Aug 28 23:00:10 2024]
Finished job 3.
3 of 5 steps (60%) done
Select jobs to execute...
Execute 1 jobs...

[Wed Aug 28 23:00:10 2024]
localrule train_and_predict:
    input: experiments/yikes_snakemake/model_config.json, experiments/yikes_snakemake/features_and_targets.pkl
    output: experiments/yikes_snakemake/snn_results.pkl, experiments/yikes_snakemake/snn_model.pth
    jobid: 4
    reason: Missing output files: experiments/yikes_snakemake/snn_results.pkl, experiments/yikes_snakemake/snn_model.pth; Input files updated by another job: experiments/yikes_snakemake/features_and_targets.pkl, experiments/yikes_snakemake/model_config.json
    resources: tmpdir=/tmp

[Wed Aug 28 23:00:18 2024]
Finished job 4.
4 of 5 steps (80%) done
Select jobs to execute...
Execute 1 jobs...

[Wed Aug 28 23:00:18 2024]
localrule all:
    input: experiments/yikes_snakemake/config.json, experiments/yikes_snakemake/model_config.json, experiments/yikes_snakemake/experiment_obj.pkl, experiments/yikes_snakemake/preprocessing_results_obj.pkl, experiments/yikes_snakemake/linear_regression_model.pkl, experiments/yikes_snakemake/features_and_targets.pkl, experiments/yikes_snakemake/snn_results.pkl, experiments/yikes_snakemake/snn_model.pth
    jobid: 0
    reason: Input files updated by another job: experiments/yikes_snakemake/snn_model.pth, experiments/yikes_snakemake/snn_results.pkl, experiments/yikes_snakemake/config.json, experiments/yikes_snakemake/experiment_obj.pkl, experiments/yikes_snakemake/model_config.json, experiments/yikes_snakemake/features_and_targets.pkl, experiments/yikes_snakemake/linear_regression_model.pkl, experiments/yikes_snakemake/preprocessing_results_obj.pkl
    resources: tmpdir=/tmp

[Wed Aug 28 23:00:18 2024]
Finished job 0.
5 of 5 steps (100%) done
Complete log: .snakemake/log/2024-08-28T221040.101415.snakemake.log
