Building DAG of jobs...
Using shell: /usr/bin/bash
Provided cores: 57
Rules claiming more threads will be scaled down.
Job stats:
job                  count
-----------------  -------
all                      1
get_features             1
obtain_features          1
run_inference            1
train_and_predict        1
total                    5

Select jobs to execute...
Execute 2 jobs...

[Mon Sep  2 13:44:00 2024]
localrule obtain_features:
    input: experiments/new_jawn/config.json, experiments/new_jawn/experiment_obj.pkl
    output: experiments/new_jawn/preprocessing_results_obj.pkl, experiments/new_jawn/linear_regression_model.pkl
    jobid: 2
    reason: Missing output files: experiments/new_jawn/linear_regression_model.pkl, experiments/new_jawn/preprocessing_results_obj.pkl
    resources: tmpdir=/tmp


[Mon Sep  2 13:44:00 2024]
localrule run_inference:
    input: experiments/new_jawn/inference_config_file.json, experiments/new_jawn
    output: experiments/new_jawn/inference_results_obj.pkl, experiments/new_jawn/inferred_params_GHIST_bottleneck.txt
    jobid: 5
    reason: Missing output files: experiments/new_jawn/inferred_params_GHIST_bottleneck.txt, experiments/new_jawn/inference_results_obj.pkl
    resources: tmpdir=/tmp

RuleException:
WorkflowError in file /sietch_colab/akapoor/Demographic_Inference/Snakefile, line 171:
Failed to open source file /sietch_colab/akapoor/Demographic_Inference/run_inference.py
FileNotFoundError: [Errno 2] No such file or directory: '/sietch_colab/akapoor/Demographic_Inference/run_inference.py'
[Mon Sep  2 13:44:00 2024]
Error in rule run_inference:
    jobid: 5
    input: experiments/new_jawn/inference_config_file.json, experiments/new_jawn
    output: experiments/new_jawn/inference_results_obj.pkl, experiments/new_jawn/inferred_params_GHIST_bottleneck.txt

[Mon Sep  2 13:44:47 2024]
Finished job 2.
1 of 5 steps (20%) done
Shutting down, this might take some time.
Exiting because a job execution failed. Look above for error message
Complete log: .snakemake/log/2024-09-02T134400.660324.snakemake.log
WorkflowError:
At least one job did not complete successfully.
