Building DAG of jobs...
Using shell: /usr/bin/bash
Provided cores: 57
Rules claiming more threads will be scaled down.
Job stats:
job                     count
--------------------  -------
all                         1
create_experiment           1
evaluate_model_GHIST        1
get_features                1
get_inferred_params         1
obtain_features             1
train_and_predict           1
total                       7

Select jobs to execute...
Execute 1 jobs...

[Mon Sep  2 16:41:14 2024]
localrule create_experiment:
    output: experiments/bottleneck_experiment/config.json, experiments/bottleneck_experiment/experiment_obj.pkl, experiments/bottleneck_experiment/model_config.json, experiments/bottleneck_experiment/inference_config_file.json
    jobid: 1
    reason: Missing output files: experiments/bottleneck_experiment/inference_config_file.json, experiments/bottleneck_experiment/model_config.json, experiments/bottleneck_experiment/experiment_obj.pkl, experiments/bottleneck_experiment/config.json
    resources: tmpdir=/tmp

[Mon Sep  2 16:41:16 2024]
Finished job 1.
1 of 7 steps (14%) done
Select jobs to execute...
Execute 2 jobs...

[Mon Sep  2 16:41:17 2024]
localrule obtain_features:
    input: experiments/bottleneck_experiment/config.json, experiments/bottleneck_experiment/experiment_obj.pkl
    output: experiments/bottleneck_experiment/preprocessing_results_obj.pkl, experiments/bottleneck_experiment/linear_regression_model.pkl
    jobid: 2
    reason: Missing output files: experiments/bottleneck_experiment/preprocessing_results_obj.pkl, experiments/bottleneck_experiment/linear_regression_model.pkl; Input files updated by another job: experiments/bottleneck_experiment/experiment_obj.pkl, experiments/bottleneck_experiment/config.json
    resources: tmpdir=/tmp


[Mon Sep  2 16:41:17 2024]
localrule get_inferred_params:
    input: experiments/bottleneck_experiment/config.json
    output: experiments/bottleneck_experiment/inference_results_obj.pkl, experiments/bottleneck_experiment/dadi_dict_inference.pkl, experiments/bottleneck_experiment/moments_dict_inference.pkl, experiments/bottleneck_experiment/momentsLD_dict_inference.pkl
    jobid: 5
    reason: Missing output files: experiments/bottleneck_experiment/dadi_dict_inference.pkl, experiments/bottleneck_experiment/momentsLD_dict_inference.pkl, experiments/bottleneck_experiment/moments_dict_inference.pkl, experiments/bottleneck_experiment/inference_results_obj.pkl; Input files updated by another job: experiments/bottleneck_experiment/config.json
    resources: tmpdir=/tmp

[Mon Sep  2 16:41:29 2024]
Finished job 5.
2 of 7 steps (29%) done
Terminating processes on user request, this might take some time.
