Building DAG of jobs...
Using shell: /usr/bin/bash
Provided cores: 256
Rules claiming more threads will be scaled down.
Job stats:
job                  count
-----------------  -------
all                      1
get_features             1
obtain_features          1
train_and_predict        1
total                    4

Select jobs to execute...
Execute 1 jobs...

[Thu Aug 29 10:19:47 2024]
localrule obtain_features:
    input: experiments/debugging/config.json, experiments/debugging/experiment_obj.pkl
    output: experiments/debugging/preprocessing_results_obj.pkl, experiments/debugging/linear_regression_model.pkl
    jobid: 2
    reason: Forced execution
    resources: tmpdir=/tmp

Terminating processes on user request, this might take some time.
