Building DAG of jobs...
Using shell: /usr/bin/bash
Provided cores: 1 (use --cores to define parallelism)
Rules claiming more threads will be scaled down.
Job stats:
job                  count
-----------------  -------
all                      1
create_experiment        1
get_features             1
obtain_features          1
train_and_predict        1
total                    5

Select jobs to execute...
Execute 1 jobs...

[Mon Aug 26 12:14:05 2024]
localrule create_experiment:
    output: experiments/snakemake/config.json, experiments/snakemake/experiment_obj.pkl, experiments/snakemake/model_config.json
    jobid: 1
    reason: Forced execution
    resources: tmpdir=/tmp

[Mon Aug 26 12:14:07 2024]
Finished job 1.
1 of 5 steps (20%) done
Select jobs to execute...
Execute 1 jobs...

[Mon Aug 26 12:14:07 2024]
localrule obtain_features:
    input: experiments/snakemake/config.json, experiments/snakemake/experiment_obj.pkl
    output: experiments/snakemake/preprocessing_results_obj.pkl, experiments/snakemake/linear_regression_model.pkl
    jobid: 2
    reason: Forced execution
    resources: tmpdir=/tmp

Terminating processes on user request, this might take some time.
