Building DAG of jobs...
Using shell: /usr/bin/bash
Provided cores: 256
Rules claiming more threads will be scaled down.
Job stats:
job                  count
-----------------  -------
create_experiment        1
total                    1

Select jobs to execute...
Execute 1 jobs...

[Sun Aug 25 16:54:06 2024]
localrule create_experiment:
    output: output/config.pkl, output/experiment_obj.pkl
    jobid: 0
    reason: Missing output files: output/config.pkl, output/experiment_obj.pkl
    resources: tmpdir=/tmp

[Sun Aug 25 16:54:09 2024]
Finished job 0.
1 of 1 steps (100%) done
Complete log: .snakemake/log/2024-08-25T165406.384626.snakemake.log
