Building DAG of jobs...
MissingInputException in rule create_experiment in file /sietch_colab/akapoor/Demographic_Inference/Snakefile, line 67:
Missing input files for rule create_experiment:
    output: experiments/snakemake/config.json, experiments/snakemake/experiment_obj.pkl, experiments/snakemake/model_config.json
    affected files:
        window_length
        experiment_name
        recombination_rate
        dadi_analysis
        normalization
        mutation_rate
        moments_analysis
        num_windows
        seed
        upper_bound_params
        num_sims_pretrain
        num_sims_inference
        num_samples
        neural_net_hyperparameters
        genome_length
        momentsLD_analysis
        maxiter
        remove_outliers
        lower_bound_params
