Building DAG of jobs...
Using shell: /usr/bin/bash
Provided cores: 256
Rules claiming more threads will be scaled down.
Job stats:
job                count
---------------  -------
all                    1
obtain_features        1
total                  2

Select jobs to execute...
Execute 1 jobs...

[Sun Aug 25 17:45:48 2024]
localrule obtain_features:
    input: experiments/snakemake_test/config.json, experiments/snakemake_test/experiment_obj.pkl
    output: experiments/snakemake_test/preprocessing_results_obj.pkl, experiments/snakemake_test/linear_regression_model.pkl
    jobid: 2
    reason: Missing output files: experiments/snakemake_test/linear_regression_model.pkl, experiments/snakemake_test/preprocessing_results_obj.pkl
    wildcards: EXPERIMENT_NAME=snakemake_test
    resources: tmpdir=/tmp

[Sun Aug 25 17:48:38 2024]
Finished job 2.
1 of 2 steps (50%) done
Select jobs to execute...
Execute 1 jobs...

[Sun Aug 25 17:48:38 2024]
localrule all:
    input: experiments/snakemake_test/config.json, experiments/snakemake_test/experiment_obj.pkl, experiments/snakemake_test/preprocessing_results_obj.pkl, experiments/snakemake_test/linear_regression_model.pkl
    jobid: 0
    reason: Input files updated by another job: experiments/snakemake_test/linear_regression_model.pkl, experiments/snakemake_test/preprocessing_results_obj.pkl
    resources: tmpdir=/tmp

[Sun Aug 25 17:48:38 2024]
Finished job 0.
2 of 2 steps (100%) done
Complete log: .snakemake/log/2024-08-25T174548.255766.snakemake.log
