Building DAG of jobs...
Using shell: /usr/bin/bash
Provided cores: 256
Rules claiming more threads will be scaled down.
Job stats:
job                  count
-----------------  -------
all                      1
get_features             1
obtain_features          1
train_and_predict        1
total                    4

Select jobs to execute...
Execute 1 jobs...

[Tue Aug 27 12:00:26 2024]
localrule obtain_features:
    input: experiments/yikes/config.json, experiments/yikes/experiment_obj.pkl
    output: experiments/yikes/preprocessing_results_obj.pkl, experiments/yikes/linear_regression_model.pkl
    jobid: 2
    reason: Missing output files: experiments/yikes/preprocessing_results_obj.pkl, experiments/yikes/linear_regression_model.pkl
    resources: tmpdir=/tmp

[Tue Aug 27 12:00:29 2024]
Error in rule obtain_features:
    jobid: 2
    input: experiments/yikes/config.json, experiments/yikes/experiment_obj.pkl
    output: experiments/yikes/preprocessing_results_obj.pkl, experiments/yikes/linear_regression_model.pkl
    shell:
        
        PYTHONPATH=/sietch_colab/akapoor/Demographic_Inference python /sietch_colab/akapoor/Demographic_Inference/snakemake_scripts/obtaining_features.py         --experiment_config experiments/yikes/config.json         --experiment_directory experiments/yikes         --num_sims_pretrain 3         --num_sims_inference 3         --normalization False         --remove_outliers True
        
        (one of the commands exited with non-zero exit code; note that snakemake uses bash strict mode!)

Shutting down, this might take some time.
Exiting because a job execution failed. Look above for error message
Complete log: .snakemake/log/2024-08-27T120026.176346.snakemake.log
WorkflowError:
At least one job did not complete successfully.
