Building DAG of jobs...
Using shell: /usr/bin/bash
Provided cores: 60
Rules claiming more threads will be scaled down.
Job stats:
job                  count
-----------------  -------
all                      1
create_experiment        1
get_features             1
obtain_features          1
train_and_predict        1
total                    5

Select jobs to execute...
Execute 1 jobs...

[Thu Aug 29 13:51:00 2024]
localrule create_experiment:
    output: experiments/dadi_moments_analysis/config.json, experiments/dadi_moments_analysis/experiment_obj.pkl, experiments/dadi_moments_analysis/model_config.json
    jobid: 1
    reason: Missing output files: experiments/dadi_moments_analysis/config.json, experiments/dadi_moments_analysis/experiment_obj.pkl, experiments/dadi_moments_analysis/model_config.json
    resources: tmpdir=/tmp

[Thu Aug 29 13:51:02 2024]
Finished job 1.
1 of 5 steps (20%) done
Select jobs to execute...
Execute 1 jobs...

[Thu Aug 29 13:51:02 2024]
localrule obtain_features:
    input: experiments/dadi_moments_analysis/config.json, experiments/dadi_moments_analysis/experiment_obj.pkl
    output: experiments/dadi_moments_analysis/preprocessing_results_obj.pkl, experiments/dadi_moments_analysis/linear_regression_model.pkl
    jobid: 2
    reason: Missing output files: experiments/dadi_moments_analysis/preprocessing_results_obj.pkl, experiments/dadi_moments_analysis/linear_regression_model.pkl; Input files updated by another job: experiments/dadi_moments_analysis/config.json, experiments/dadi_moments_analysis/experiment_obj.pkl
    resources: tmpdir=/tmp

[Thu Aug 29 14:08:07 2024]
Finished job 2.
2 of 5 steps (40%) done
Select jobs to execute...
Execute 1 jobs...

[Thu Aug 29 14:08:07 2024]
localrule get_features:
    input: experiments/dadi_moments_analysis/preprocessing_results_obj.pkl
    output: experiments/dadi_moments_analysis/features_and_targets.pkl
    jobid: 3
    reason: Missing output files: experiments/dadi_moments_analysis/features_and_targets.pkl; Input files updated by another job: experiments/dadi_moments_analysis/preprocessing_results_obj.pkl
    resources: tmpdir=/tmp

[Thu Aug 29 14:08:07 2024]
Finished job 3.
3 of 5 steps (60%) done
Select jobs to execute...
Execute 1 jobs...

[Thu Aug 29 14:08:07 2024]
localrule train_and_predict:
    input: experiments/dadi_moments_analysis/model_config.json, experiments/dadi_moments_analysis/features_and_targets.pkl
    output: experiments/dadi_moments_analysis/snn_results.pkl, experiments/dadi_moments_analysis/snn_model.pth
    jobid: 4
    reason: Missing output files: experiments/dadi_moments_analysis/snn_results.pkl, experiments/dadi_moments_analysis/snn_model.pth; Input files updated by another job: experiments/dadi_moments_analysis/features_and_targets.pkl, experiments/dadi_moments_analysis/model_config.json
    resources: tmpdir=/tmp

[Thu Aug 29 14:08:36 2024]
Finished job 4.
4 of 5 steps (80%) done
Select jobs to execute...
Execute 1 jobs...

[Thu Aug 29 14:08:36 2024]
localrule all:
    input: experiments/dadi_moments_analysis/config.json, experiments/dadi_moments_analysis/model_config.json, experiments/dadi_moments_analysis/experiment_obj.pkl, experiments/dadi_moments_analysis/preprocessing_results_obj.pkl, experiments/dadi_moments_analysis/linear_regression_model.pkl, experiments/dadi_moments_analysis/features_and_targets.pkl, experiments/dadi_moments_analysis/snn_results.pkl, experiments/dadi_moments_analysis/snn_model.pth
    jobid: 0
    reason: Input files updated by another job: experiments/dadi_moments_analysis/preprocessing_results_obj.pkl, experiments/dadi_moments_analysis/features_and_targets.pkl, experiments/dadi_moments_analysis/linear_regression_model.pkl, experiments/dadi_moments_analysis/snn_model.pth, experiments/dadi_moments_analysis/config.json, experiments/dadi_moments_analysis/experiment_obj.pkl, experiments/dadi_moments_analysis/model_config.json, experiments/dadi_moments_analysis/snn_results.pkl
    resources: tmpdir=/tmp

[Thu Aug 29 14:08:36 2024]
Finished job 0.
5 of 5 steps (100%) done
Complete log: .snakemake/log/2024-08-29T135100.372146.snakemake.log
