Building DAG of jobs...
Using shell: /usr/bin/bash
Provided cores: 25
Rules claiming more threads will be scaled down.
Job stats:
job                  count
-----------------  -------
all                      1
train_and_predict        1
total                    2

Select jobs to execute...
Execute 1 jobs...

[Wed Aug 28 14:52:30 2024]
localrule train_and_predict:
    input: experiments/yikes_snakemake/model_config.json, experiments/yikes_snakemake/features_and_targets.pkl
    output: experiments/yikes_snakemake/snn_results.pkl, experiments/yikes_snakemake/snn_model.pth
    jobid: 4
    reason: Missing output files: experiments/yikes_snakemake/snn_model.pth, experiments/yikes_snakemake/snn_results.pkl
    resources: tmpdir=/tmp

[Wed Aug 28 14:52:35 2024]
Error in rule train_and_predict:
    jobid: 4
    input: experiments/yikes_snakemake/model_config.json, experiments/yikes_snakemake/features_and_targets.pkl
    output: experiments/yikes_snakemake/snn_results.pkl, experiments/yikes_snakemake/snn_model.pth
    shell:
        
        PYTHONPATH=/sietch_colab/akapoor/Demographic_Inference python /sietch_colab/akapoor/Demographic_Inference/snakemake_scripts/setup_trainer.py         --model_config experiments/yikes_snakemake/model_config.json         --experiment_directory experiments/yikes_snakemake         --features_file experiments/yikes_snakemake/features_and_targets.pkl         --use_FIM False
        
        (one of the commands exited with non-zero exit code; note that snakemake uses bash strict mode!)

Shutting down, this might take some time.
Exiting because a job execution failed. Look above for error message
Complete log: .snakemake/log/2024-08-28T145230.090234.snakemake.log
WorkflowError:
At least one job did not complete successfully.
