Building DAG of jobs...
Using shell: /usr/bin/bash
Provided cores: 57
Rules claiming more threads will be scaled down.
Job stats:
job                     count
--------------------  -------
all                         1
evaluate_model_GHIST        1
total                       2

Select jobs to execute...
Execute 1 jobs...

[Mon Sep  2 16:28:44 2024]
localrule evaluate_model_GHIST:
    input: experiments/new_jawn/config.json, experiments/new_jawn/snn_model.pth, experiments/new_jawn/inference_results_obj.pkl
    output: experiments/new_jawn/inferred_params_GHIST_bottleneck.txt
    jobid: 6
    reason: Missing output files: experiments/new_jawn/inferred_params_GHIST_bottleneck.txt
    resources: tmpdir=/tmp

[Mon Sep  2 16:28:47 2024]
Error in rule evaluate_model_GHIST:
    jobid: 6
    input: experiments/new_jawn/config.json, experiments/new_jawn/snn_model.pth, experiments/new_jawn/inference_results_obj.pkl
    output: experiments/new_jawn/inferred_params_GHIST_bottleneck.txt
    shell:
        
        PYTHONPATH=/sietch_colab/akapoor/Demographic_Inference python /sietch_colab/akapoor/Demographic_Inference/snakemake_scripts/evaluate_model_on_ghist.py         --config experiments/new_jawn/config.json         --trained_weights experiments/new_jawn/snn_model.pth         --inference_obj experiments/new_jawn/inference_results_obj.pkl
        
        (one of the commands exited with non-zero exit code; note that snakemake uses bash strict mode!)

Shutting down, this might take some time.
Exiting because a job execution failed. Look above for error message
Complete log: .snakemake/log/2024-09-02T162844.107853.snakemake.log
WorkflowError:
At least one job did not complete successfully.
