Building DAG of jobs...
Using shell: /usr/bin/bash
Provided cores: 256
Rules claiming more threads will be scaled down.
Job stats:
job                count
---------------  -------
all                    1
obtain_features        1
total                  2

Select jobs to execute...
Execute 1 jobs...

[Sun Aug 25 17:45:27 2024]
localrule obtain_features:
    input: experiments/snakemake_test/config.json, experiments/snakemake_test/experiment_obj.pkl
    output: experiments/snakemake_test/preprocessing_results_obj.pkl, experiments/snakemake_test/linear_regression_model.pkl
    jobid: 2
    reason: Missing output files: experiments/snakemake_test/linear_regression_model.pkl, experiments/snakemake_test/preprocessing_results_obj.pkl
    wildcards: EXPERIMENT_NAME=snakemake_test
    resources: tmpdir=/tmp

[Sun Aug 25 17:45:29 2024]
Error in rule obtain_features:
    jobid: 2
    input: experiments/snakemake_test/config.json, experiments/snakemake_test/experiment_obj.pkl
    output: experiments/snakemake_test/preprocessing_results_obj.pkl, experiments/snakemake_test/linear_regression_model.pkl
    shell:
        
        PYTHONPATH=/sietch_colab/akapoor/Demographic_Inference python /sietch_colab/akapoor/Demographic_Inference/snakemake_scripts/obtaining_features.py         --experiment_config experiments/snakemake_test/config.json         --experiment_directory experiments/snakemake_test         --num_sims_pretrain 1000         --num_sims_inference 1000         --normalization False         --remove_outliers True
        
        (one of the commands exited with non-zero exit code; note that snakemake uses bash strict mode!)

Shutting down, this might take some time.
Exiting because a job execution failed. Look above for error message
Complete log: .snakemake/log/2024-08-25T174527.533443.snakemake.log
WorkflowError:
At least one job did not complete successfully.
