Building DAG of jobs...
Using shell: /usr/bin/bash
Provided cores: 256
Rules claiming more threads will be scaled down.
Job stats:
job                  count
-----------------  -------
create_experiment        1
total                    1

Select jobs to execute...
Execute 1 jobs...

[Sun Aug 25 16:52:04 2024]
localrule create_experiment:
    output: output/config.pkl, output/experiment_obj.pkl
    jobid: 0
    reason: Missing output files: output/config.pkl, output/experiment_obj.pkl
    resources: tmpdir=/tmp

RuleException:
WorkflowError in file /sietch_colab/akapoor/Demographic_Inference/Snakefile, line 8:
Failed to open source file /scripts/setup_experiment.py
FileNotFoundError: [Errno 2] No such file or directory: '/scripts/setup_experiment.py'
[Sun Aug 25 16:52:04 2024]
Error in rule create_experiment:
    jobid: 0
    output: output/config.pkl, output/experiment_obj.pkl

Shutting down, this might take some time.
Exiting because a job execution failed. Look above for error message
Complete log: .snakemake/log/2024-08-25T165203.981532.snakemake.log
WorkflowError:
At least one job did not complete successfully.
