Building DAG of jobs...
Using shell: /usr/bin/bash
Provided cores: 256
Rules claiming more threads will be scaled down.
Job stats:
job                count
---------------  -------
all                    1
get_features           1
obtain_features        1
total                  3

Select jobs to execute...
Execute 1 jobs...

[Mon Aug 26 10:49:10 2024]
localrule obtain_features:
    input: experiments/snakemake/config.json, experiments/snakemake/experiment_obj.pkl
    output: experiments/snakemake/preprocessing_results_obj.pkl, experiments/snakemake/linear_regression_model.pkl
    jobid: 2
    reason: Missing output files: experiments/snakemake/linear_regression_model.pkl, experiments/snakemake/preprocessing_results_obj.pkl
    resources: tmpdir=/tmp

[Mon Aug 26 10:49:54 2024]
Finished job 2.
1 of 3 steps (33%) done
Select jobs to execute...
Execute 1 jobs...

[Mon Aug 26 10:49:54 2024]
localrule get_features:
    input: experiments/snakemake/preprocessing_results_obj.pkl
    output: experiments/snakemake/features_and_targets.pkl
    jobid: 3
    reason: Missing output files: experiments/snakemake/features_and_targets.pkl; Input files updated by another job: experiments/snakemake/preprocessing_results_obj.pkl
    resources: tmpdir=/tmp

[Mon Aug 26 10:49:54 2024]
Finished job 3.
2 of 3 steps (67%) done
Select jobs to execute...
Execute 1 jobs...

[Mon Aug 26 10:49:54 2024]
localrule all:
    input: experiments/snakemake/config.json, experiments/snakemake/model_config.json, experiments/snakemake/experiment_obj.pkl, experiments/snakemake/preprocessing_results_obj.pkl, experiments/snakemake/linear_regression_model.pkl, experiments/snakemake/features_and_targets.pkl
    jobid: 0
    reason: Input files updated by another job: experiments/snakemake/features_and_targets.pkl, experiments/snakemake/linear_regression_model.pkl, experiments/snakemake/preprocessing_results_obj.pkl
    resources: tmpdir=/tmp

[Mon Aug 26 10:49:54 2024]
Finished job 0.
3 of 3 steps (100%) done
Complete log: .snakemake/log/2024-08-26T104910.879078.snakemake.log
