Building DAG of jobs...
Using shell: /usr/bin/bash
Provided cores: 256
Rules claiming more threads will be scaled down.
Job stats:
job                  count
-----------------  -------
all                      1
create_experiment        1
get_features             1
obtain_features          1
total                    4

Select jobs to execute...
Execute 1 jobs...

[Mon Aug 26 08:12:02 2024]
localrule create_experiment:
    output: experiments/snakemake_test/config.json, experiments/snakemake_test/experiment_obj.pkl, experiments/snakemake_test/model_config.json
    jobid: 1
    reason: Missing output files: experiments/snakemake_test/model_config.json, experiments/snakemake_test/config.json, experiments/snakemake_test/experiment_obj.pkl
    resources: tmpdir=/tmp

[Mon Aug 26 08:12:04 2024]
Finished job 1.
1 of 4 steps (25%) done
Select jobs to execute...
Execute 1 jobs...

[Mon Aug 26 08:12:04 2024]
localrule obtain_features:
    input: experiments/snakemake_test/config.json, experiments/snakemake_test/experiment_obj.pkl
    output: experiments/snakemake_test/preprocessing_results_obj.pkl, experiments/snakemake_test/linear_regression_model.pkl
    jobid: 2
    reason: Missing output files: experiments/snakemake_test/linear_regression_model.pkl, experiments/snakemake_test/preprocessing_results_obj.pkl; Input files updated by another job: experiments/snakemake_test/config.json, experiments/snakemake_test/experiment_obj.pkl; Params have changed since last execution
    resources: tmpdir=/tmp

[Mon Aug 26 08:13:22 2024]
Finished job 2.
2 of 4 steps (50%) done
Select jobs to execute...
Execute 1 jobs...

[Mon Aug 26 08:13:22 2024]
localrule get_features:
    input: experiments/snakemake_test/preprocessing_results_obj.pkl
    output: experiments/snakemake_test/features_and_targets.pkl
    jobid: 3
    reason: Missing output files: experiments/snakemake_test/features_and_targets.pkl; Input files updated by another job: experiments/snakemake_test/preprocessing_results_obj.pkl
    resources: tmpdir=/tmp

[Mon Aug 26 08:13:22 2024]
Finished job 3.
3 of 4 steps (75%) done
Select jobs to execute...
Execute 1 jobs...

[Mon Aug 26 08:13:22 2024]
localrule all:
    input: experiments/snakemake_test/config.json, experiments/snakemake_test/model_config.json, experiments/snakemake_test/experiment_obj.pkl, experiments/snakemake_test/preprocessing_results_obj.pkl, experiments/snakemake_test/linear_regression_model.pkl, experiments/snakemake_test/features_and_targets.pkl
    jobid: 0
    reason: Input files updated by another job: experiments/snakemake_test/model_config.json, experiments/snakemake_test/config.json, experiments/snakemake_test/preprocessing_results_obj.pkl, experiments/snakemake_test/experiment_obj.pkl, experiments/snakemake_test/features_and_targets.pkl, experiments/snakemake_test/linear_regression_model.pkl
    resources: tmpdir=/tmp

[Mon Aug 26 08:13:22 2024]
Finished job 0.
4 of 4 steps (100%) done
Complete log: .snakemake/log/2024-08-26T081202.644208.snakemake.log
