Building DAG of jobs...
Using shell: /usr/bin/bash
Provided cores: 256
Rules claiming more threads will be scaled down.
Job stats:
job                  count
-----------------  -------
all                      1
create_experiment        1
get_features             1
obtain_features          1
train_and_predict        1
total                    5

Select jobs to execute...
Execute 1 jobs...

[Wed Aug 28 23:22:23 2024]
localrule create_experiment:
    output: experiments/debugging/config.json, experiments/debugging/experiment_obj.pkl, experiments/debugging/model_config.json
    jobid: 1
    reason: Missing output files: experiments/debugging/experiment_obj.pkl, experiments/debugging/config.json, experiments/debugging/model_config.json
    resources: tmpdir=/tmp

[Wed Aug 28 23:22:25 2024]
Finished job 1.
1 of 5 steps (20%) done
Select jobs to execute...
Execute 1 jobs...

[Wed Aug 28 23:22:25 2024]
localrule obtain_features:
    input: experiments/debugging/config.json, experiments/debugging/experiment_obj.pkl
    output: experiments/debugging/preprocessing_results_obj.pkl, experiments/debugging/linear_regression_model.pkl
    jobid: 2
    reason: Missing output files: experiments/debugging/preprocessing_results_obj.pkl, experiments/debugging/linear_regression_model.pkl; Input files updated by another job: experiments/debugging/experiment_obj.pkl, experiments/debugging/config.json
    resources: tmpdir=/tmp

Terminating processes on user request, this might take some time.
