Building DAG of jobs...
Using shell: /usr/bin/bash
Provided cores: 57
Rules claiming more threads will be scaled down.
Job stats:
job                     count
--------------------  -------
all                         1
create_experiment           1
evaluate_model_GHIST        1
get_features                1
get_inferred_params         1
obtain_features             1
train_and_predict           1
total                       7

Select jobs to execute...
Execute 1 jobs...

[Mon Sep  2 16:25:34 2024]
localrule create_experiment:
    output: experiments/new_jawn/config.json, experiments/new_jawn/experiment_obj.pkl, experiments/new_jawn/model_config.json, experiments/new_jawn/inference_config_file.json
    jobid: 1
    reason: Missing output files: experiments/new_jawn/inference_config_file.json, experiments/new_jawn/experiment_obj.pkl, experiments/new_jawn/config.json, experiments/new_jawn/model_config.json
    resources: tmpdir=/tmp

[Mon Sep  2 16:25:36 2024]
Finished job 1.
1 of 7 steps (14%) done
Select jobs to execute...
Execute 2 jobs...

[Mon Sep  2 16:25:36 2024]
localrule obtain_features:
    input: experiments/new_jawn/config.json, experiments/new_jawn/experiment_obj.pkl
    output: experiments/new_jawn/preprocessing_results_obj.pkl, experiments/new_jawn/linear_regression_model.pkl
    jobid: 2
    reason: Missing output files: experiments/new_jawn/linear_regression_model.pkl, experiments/new_jawn/preprocessing_results_obj.pkl; Input files updated by another job: experiments/new_jawn/experiment_obj.pkl, experiments/new_jawn/config.json
    resources: tmpdir=/tmp


[Mon Sep  2 16:25:36 2024]
localrule get_inferred_params:
    input: experiments/new_jawn/config.json
    output: experiments/new_jawn/inference_results_obj.pkl, experiments/new_jawn/dadi_dict_inference.pkl, experiments/new_jawn/moments_dict_inference.pkl, experiments/new_jawn/momentsLD_dict_inference.pkl
    jobid: 5
    reason: Missing output files: experiments/new_jawn/moments_dict_inference.pkl, experiments/new_jawn/inference_results_obj.pkl, experiments/new_jawn/dadi_dict_inference.pkl, experiments/new_jawn/momentsLD_dict_inference.pkl; Input files updated by another job: experiments/new_jawn/config.json
    resources: tmpdir=/tmp

[Mon Sep  2 16:25:40 2024]
Error in rule get_inferred_params:
    jobid: 5
    input: experiments/new_jawn/config.json
    output: experiments/new_jawn/inference_results_obj.pkl, experiments/new_jawn/dadi_dict_inference.pkl, experiments/new_jawn/moments_dict_inference.pkl, experiments/new_jawn/momentsLD_dict_inference.pkl
    shell:
        
        PYTHONPATH=/sietch_colab/akapoor/Demographic_Inference python /sietch_colab/akapoor/Demographic_Inference/snakemake_scripts/inference.py         --config experiments/new_jawn/config.json         --experiment_directory experiments/new_jawn
        
        (one of the commands exited with non-zero exit code; note that snakemake uses bash strict mode!)

Terminating processes on user request, this might take some time.
[Mon Sep  2 16:26:12 2024]
Error in rule obtain_features:
    jobid: 2
    input: experiments/new_jawn/config.json, experiments/new_jawn/experiment_obj.pkl
    output: experiments/new_jawn/preprocessing_results_obj.pkl, experiments/new_jawn/linear_regression_model.pkl
    shell:
        
        PYTHONPATH=/sietch_colab/akapoor/Demographic_Inference python /sietch_colab/akapoor/Demographic_Inference/snakemake_scripts/obtaining_features.py         --experiment_config experiments/new_jawn/config.json         --experiment_directory experiments/new_jawn         --num_sims_pretrain 10         --num_sims_inference 10         --normalization False         --remove_outliers True
        
        (one of the commands exited with non-zero exit code; note that snakemake uses bash strict mode!)

Complete log: .snakemake/log/2024-09-02T162534.063939.snakemake.log
WorkflowError:
At least one job did not complete successfully.
