Building DAG of jobs...
Using shell: /usr/bin/bash
Provided cores: 256
Rules claiming more threads will be scaled down.
Job stats:
job             count
------------  -------
setup_config        1
total               1

Select jobs to execute...
Execute 1 jobs...

[Fri Aug 23 14:47:21 2024]
localrule setup_config:
    output: config.pkl
    jobid: 0
    reason: Missing output files: config.pkl
    resources: tmpdir=/tmp

[Fri Aug 23 14:47:21 2024]
Finished job 0.
1 of 1 steps (100%) done
Complete log: .snakemake/log/2024-08-23T144718.827557.snakemake.log
