Building DAG of jobs...
Using shell: /usr/bin/bash
Provided cores: 57
Rules claiming more threads will be scaled down.
Job stats:
job                  count
-----------------  -------
all                      1
create_experiment        1
get_features             1
obtain_features          1
run_inference            1
train_and_predict        1
total                    6

Select jobs to execute...
Execute 1 jobs...

[Mon Sep  2 13:17:12 2024]
localrule create_experiment:
    output: experiments/new_jawn/config.json, experiments/new_jawn/experiment_obj.pkl, experiments/new_jawn/model_config.json, experiments/new_jawn/inference_config.json
    jobid: 1
    reason: Missing output files: experiments/new_jawn/inference_config.json
    resources: tmpdir=/tmp

[Mon Sep  2 13:17:19 2024]
Error in rule create_experiment:
    jobid: 1
    output: experiments/new_jawn/config.json, experiments/new_jawn/experiment_obj.pkl, experiments/new_jawn/model_config.json, experiments/new_jawn/inference_config.json

Shutting down, this might take some time.
Exiting because a job execution failed. Look above for error message
Complete log: .snakemake/log/2024-09-02T131712.218578.snakemake.log
WorkflowError:
At least one job did not complete successfully.
