Building DAG of jobs...
Using shell: /usr/bin/bash
Provided cores: 1 (use --cores to define parallelism)
Rules claiming more threads will be scaled down.
Job stats:
job                  count
-----------------  -------
create_experiment        1
total                    1

Select jobs to execute...
Execute 1 jobs...

[Mon Sep  2 13:42:06 2024]
localrule create_experiment:
    output: experiments/new_jawn/config.json, experiments/new_jawn/experiment_obj.pkl, experiments/new_jawn/model_config.json
    jobid: 0
    reason: Missing output files: experiments/new_jawn/experiment_obj.pkl, experiments/new_jawn/config.json, experiments/new_jawn/model_config.json
    resources: tmpdir=/tmp

[Mon Sep  2 13:42:09 2024]
Finished job 0.
1 of 1 steps (100%) done
Complete log: .snakemake/log/2024-09-02T134206.919419.snakemake.log
