Building DAG of jobs...
Using shell: /usr/bin/bash
Provided cores: 25
Rules claiming more threads will be scaled down.
Job stats:
job                  count
-----------------  -------
all                      1
get_features             1
obtain_features          1
train_and_predict        1
total                    4

Select jobs to execute...
Execute 1 jobs...

[Wed Aug 28 14:55:46 2024]
localrule obtain_features:
    input: experiments/yikes_snakemake/config.json, experiments/yikes_snakemake/experiment_obj.pkl
    output: experiments/yikes_snakemake/preprocessing_results_obj.pkl, experiments/yikes_snakemake/linear_regression_model.pkl
    jobid: 2
    reason: Missing output files: experiments/yikes_snakemake/linear_regression_model.pkl, experiments/yikes_snakemake/preprocessing_results_obj.pkl; Updated input files: experiments/yikes_snakemake/config.json
    resources: tmpdir=/tmp

