Building DAG of jobs...
Using shell: /usr/bin/bash
Provided cores: 25
Rules claiming more threads will be scaled down.
Job stats:
job                  count
-----------------  -------
all                      1
create_experiment        1
get_features             1
obtain_features          1
train_and_predict        1
total                    5

Select jobs to execute...
Execute 1 jobs...

[Thu Aug 29 11:18:23 2024]
localrule create_experiment:
    output: experiments/dadi_moments_analysis/config.json, experiments/dadi_moments_analysis/experiment_obj.pkl, experiments/dadi_moments_analysis/model_config.json
    jobid: 1
    reason: Missing output files: experiments/dadi_moments_analysis/config.json, experiments/dadi_moments_analysis/experiment_obj.pkl, experiments/dadi_moments_analysis/model_config.json
    resources: tmpdir=/tmp

[Thu Aug 29 11:18:25 2024]
Finished job 1.
1 of 5 steps (20%) done
Select jobs to execute...
Execute 1 jobs...

[Thu Aug 29 11:18:25 2024]
localrule obtain_features:
    input: experiments/dadi_moments_analysis/config.json, experiments/dadi_moments_analysis/experiment_obj.pkl
    output: experiments/dadi_moments_analysis/preprocessing_results_obj.pkl, experiments/dadi_moments_analysis/linear_regression_model.pkl
    jobid: 2
    reason: Missing output files: experiments/dadi_moments_analysis/linear_regression_model.pkl, experiments/dadi_moments_analysis/preprocessing_results_obj.pkl; Input files updated by another job: experiments/dadi_moments_analysis/config.json, experiments/dadi_moments_analysis/experiment_obj.pkl
    resources: tmpdir=/tmp

Terminating processes on user request, this might take some time.
