Building DAG of jobs...
Using shell: /usr/bin/bash
Provided cores: 57
Rules claiming more threads will be scaled down.
Job stats:
job                  count
-----------------  -------
all                      1
get_features             1
run_inference            1
train_and_predict        1
total                    4

Select jobs to execute...
Execute 2 jobs...

[Mon Sep  2 13:45:27 2024]
localrule get_features:
    input: experiments/new_jawn/preprocessing_results_obj.pkl
    output: experiments/new_jawn/features_and_targets.pkl
    jobid: 3
    reason: Missing output files: experiments/new_jawn/features_and_targets.pkl
    resources: tmpdir=/tmp


[Mon Sep  2 13:45:27 2024]
localrule run_inference:
    input: experiments/new_jawn/inference_config_file.json, experiments/new_jawn
    output: experiments/new_jawn/inference_results_obj.pkl, experiments/new_jawn/inferred_params_GHIST_bottleneck.txt
    jobid: 5
    reason: Missing output files: experiments/new_jawn/inference_results_obj.pkl, experiments/new_jawn/inferred_params_GHIST_bottleneck.txt
    resources: tmpdir=/tmp

[Mon Sep  2 13:45:27 2024]
Finished job 3.
1 of 4 steps (25%) done
Select jobs to execute...
Execute 1 jobs...

[Mon Sep  2 13:45:27 2024]
localrule train_and_predict:
    input: experiments/new_jawn/model_config.json, experiments/new_jawn/features_and_targets.pkl
    output: experiments/new_jawn/snn_results.pkl, experiments/new_jawn/snn_model.pth
    jobid: 4
    reason: Missing output files: experiments/new_jawn/snn_results.pkl, experiments/new_jawn/snn_model.pth; Input files updated by another job: experiments/new_jawn/features_and_targets.pkl
    resources: tmpdir=/tmp

[Mon Sep  2 13:45:31 2024]
Error in rule run_inference:
    jobid: 5
    input: experiments/new_jawn/inference_config_file.json, experiments/new_jawn
    output: experiments/new_jawn/inference_results_obj.pkl, experiments/new_jawn/inferred_params_GHIST_bottleneck.txt
    shell:
        
        PYTHONPATH=/sietch_colab/akapoor/Demographic_Inference python /sietch_colab/akapoor/Demographic_Inference/snakemake_scripts/inference.py         --config experiments/new_jawn/inference_config_file.json         --experiment_directory experiments/new_jawn         
        (one of the commands exited with non-zero exit code; note that snakemake uses bash strict mode!)

[Mon Sep  2 13:45:35 2024]
Finished job 4.
2 of 4 steps (50%) done
Shutting down, this might take some time.
Exiting because a job execution failed. Look above for error message
Complete log: .snakemake/log/2024-09-02T134527.079440.snakemake.log
WorkflowError:
At least one job did not complete successfully.
