Building DAG of jobs...
Using shell: /usr/bin/bash
Provided cores: 57
Rules claiming more threads will be scaled down.
Job stats:
job              count
-------------  -------
all                  1
run_inference        1
total                2

Select jobs to execute...
Execute 1 jobs...

[Mon Sep  2 13:59:09 2024]
localrule run_inference:
    input: experiments/new_jawn/inference_config_file.json, experiments/new_jawn
    output: experiments/new_jawn/inference_results_obj.pkl, experiments/new_jawn/inferred_params_GHIST_bottleneck.txt
    jobid: 5
    reason: Missing output files: experiments/new_jawn/inference_results_obj.pkl, experiments/new_jawn/inferred_params_GHIST_bottleneck.txt
    resources: tmpdir=/tmp

[Mon Sep  2 13:59:13 2024]
Error in rule run_inference:
    jobid: 5
    input: experiments/new_jawn/inference_config_file.json, experiments/new_jawn
    output: experiments/new_jawn/inference_results_obj.pkl, experiments/new_jawn/inferred_params_GHIST_bottleneck.txt
    shell:
        
        PYTHONPATH=/sietch_colab/akapoor/Demographic_Inference python /sietch_colab/akapoor/Demographic_Inference/snakemake_scripts/inference.py         --config experiments/new_jawn/inference_config_file.json         --experiment_directory experiments/new_jawn         
        (one of the commands exited with non-zero exit code; note that snakemake uses bash strict mode!)

Shutting down, this might take some time.
Exiting because a job execution failed. Look above for error message
Complete log: .snakemake/log/2024-09-02T135909.286506.snakemake.log
WorkflowError:
At least one job did not complete successfully.
