Building DAG of jobs...
MissingInputException in rule create_experiment in file /sietch_colab/akapoor/Demographic_Inference/Snakefile, line 67:
Missing input files for rule create_experiment:
    output: experiments/snakemake/config.json, experiments/snakemake/experiment_obj.pkl, experiments/snakemake/model_config.json
    affected files:
        moments_analysis
        num_sims_inference
        normalization
        num_samples
        experiment_name
        window_length
        momentsLD_analysis
        neural_net_hyperparameters
        genome_length
        mutation_rate
        num_windows
        recombination_rate
        upper_bound_params
        seed
        num_sims_pretrain
        dadi_analysis
        maxiter
        lower_bound_params
        remove_outliers
