Building DAG of jobs...
Using shell: /usr/bin/bash
Provided cores: 256
Rules claiming more threads will be scaled down.
Job stats:
job                  count
-----------------  -------
all                      1
create_experiment        1
get_features             1
obtain_features          1
total                    4

Select jobs to execute...
Execute 1 jobs...

[Sun Aug 25 20:12:20 2024]
localrule create_experiment:
    output: experiments/snakemake_test/config.json, experiments/snakemake_test/experiment_obj.pkl
    jobid: 1
    reason: Missing output files: experiments/snakemake_test/config.json, experiments/snakemake_test/experiment_obj.pkl
    resources: tmpdir=/tmp

[Sun Aug 25 20:12:22 2024]
Finished job 1.
1 of 4 steps (25%) done
Select jobs to execute...
Execute 1 jobs...

[Sun Aug 25 20:12:22 2024]
localrule obtain_features:
    input: experiments/snakemake_test/config.json, experiments/snakemake_test/experiment_obj.pkl
    output: experiments/snakemake_test/preprocessing_results_obj.pkl, experiments/snakemake_test/linear_regression_model.pkl
    jobid: 2
    reason: Missing output files: experiments/snakemake_test/preprocessing_results_obj.pkl, experiments/snakemake_test/linear_regression_model.pkl; Input files updated by another job: experiments/snakemake_test/config.json, experiments/snakemake_test/experiment_obj.pkl
    wildcards: EXPERIMENT_NAME=snakemake_test
    resources: tmpdir=/tmp

Terminating processes on user request, this might take some time.
