Building DAG of jobs...
Using shell: /usr/bin/bash
Provided cores: 256
Rules claiming more threads will be scaled down.
Job stats:
job                  count
-----------------  -------
all                      1
create_experiment        1
total                    2

Select jobs to execute...
Execute 1 jobs...

[Sun Aug 25 17:22:13 2024]
localrule create_experiment:
    output: experiments/snakemake_test/config.json, experiments/snakemake_test/experiment_obj.pkl
    jobid: 1
    reason: Missing output files: experiments/snakemake_test/experiment_obj.pkl, experiments/snakemake_test/config.json
    resources: tmpdir=/tmp

[Sun Aug 25 17:22:16 2024]
Finished job 1.
1 of 2 steps (50%) done
Select jobs to execute...
Execute 1 jobs...

[Sun Aug 25 17:22:16 2024]
localrule all:
    input: experiments/snakemake_test/config.json, experiments/snakemake_test/experiment_obj.pkl
    jobid: 0
    reason: Input files updated by another job: experiments/snakemake_test/experiment_obj.pkl, experiments/snakemake_test/config.json
    resources: tmpdir=/tmp

[Sun Aug 25 17:22:16 2024]
Finished job 0.
2 of 2 steps (100%) done
Complete log: .snakemake/log/2024-08-25T172213.896065.snakemake.log
