Building DAG of jobs...
Using shell: /usr/bin/bash
Provided cores: 256
Rules claiming more threads will be scaled down.
Job stats:
job                 count
----------------  -------
setup_experiment        1
total                   1

Select jobs to execute...
Execute 1 jobs...

[Fri Aug 23 15:11:05 2024]
localrule setup_experiment:
    output: config.pkl, experiment_obj.pkl
    jobid: 0
    reason: Missing output files: experiment_obj.pkl, config.pkl
    resources: tmpdir=/tmp

RuleException:
NameError in file /sietch_colab/akapoor/Demographic_Inference/Snakefile, line 8:
The name 'output' is unknown in this context. Please make sure that you defined that variable. Also note that braces not used for variable access have to be escaped by repeating them, i.e. {{print $1}}
[Fri Aug 23 15:11:05 2024]
Error in rule setup_experiment:
    jobid: 0
    output: config.pkl, experiment_obj.pkl

Shutting down, this might take some time.
Exiting because a job execution failed. Look above for error message
Complete log: .snakemake/log/2024-08-23T151104.971573.snakemake.log
WorkflowError:
At least one job did not complete successfully.
