Building DAG of jobs...
Using shell: /usr/bin/bash
Provided cores: 256
Rules claiming more threads will be scaled down.
Job stats:
job             count
------------  -------
setup_config        1
total               1

Select jobs to execute...
Execute 1 jobs...

[Fri Aug 23 14:59:55 2024]
localrule setup_config:
    output: config.pkl
    jobid: 0
    reason: Missing output files: config.pkl
    resources: tmpdir=/tmp

[Fri Aug 23 15:00:00 2024]
Error in rule setup_config:
    jobid: 0
    output: config.pkl

Shutting down, this might take some time.
Exiting because a job execution failed. Look above for error message
Complete log: .snakemake/log/2024-08-23T145955.510278.snakemake.log
WorkflowError:
At least one job did not complete successfully.
