Building DAG of jobs...
Using shell: /usr/bin/bash
Provided cores: 256
Rules claiming more threads will be scaled down.
Job stats:
job                  count
-----------------  -------
all                      1
train_and_predict        1
total                    2

Select jobs to execute...
Execute 1 jobs...

[Tue Aug 27 12:14:33 2024]
localrule train_and_predict:
    input: experiments/yikes/model_config.json, experiments/yikes/features_and_targets.pkl
    output: experiments/yikes/snn_results.pkl, experiments/yikes/snn_model.pth
    jobid: 4
    reason: Missing output files: experiments/yikes/snn_model.pth, experiments/yikes/snn_results.pkl
    resources: tmpdir=/tmp

[Tue Aug 27 12:14:42 2024]
Finished job 4.
1 of 2 steps (50%) done
Select jobs to execute...
Execute 1 jobs...

[Tue Aug 27 12:14:42 2024]
localrule all:
    input: experiments/yikes/config.json, experiments/yikes/model_config.json, experiments/yikes/experiment_obj.pkl, experiments/yikes/preprocessing_results_obj.pkl, experiments/yikes/linear_regression_model.pkl, experiments/yikes/features_and_targets.pkl, experiments/yikes/snn_results.pkl, experiments/yikes/snn_model.pth
    jobid: 0
    reason: Input files updated by another job: experiments/yikes/snn_model.pth, experiments/yikes/snn_results.pkl
    resources: tmpdir=/tmp

[Tue Aug 27 12:14:42 2024]
Finished job 0.
2 of 2 steps (100%) done
Complete log: .snakemake/log/2024-08-27T121433.759464.snakemake.log
