Building DAG of jobs...
Using shell: /usr/bin/bash
Provided cores: 1 (use --cores to define parallelism)
Rules claiming more threads will be scaled down.
Job stats:
job                  count
-----------------  -------
all                      1
get_features             1
obtain_features          1
train_and_predict        1
total                    4

Select jobs to execute...
Execute 1 jobs...

[Mon Aug 26 13:16:11 2024]
localrule obtain_features:
    input: experiments/snakemake/config.json, experiments/snakemake/experiment_obj.pkl
    output: experiments/snakemake/preprocessing_results_obj.pkl, experiments/snakemake/linear_regression_model.pkl
    jobid: 1
    reason: Forced execution
    resources: tmpdir=/tmp

[Mon Aug 26 13:16:42 2024]
Finished job 1.
1 of 4 steps (25%) done
Select jobs to execute...
Execute 1 jobs...

[Mon Aug 26 13:16:42 2024]
localrule get_features:
    input: experiments/snakemake/preprocessing_results_obj.pkl
    output: experiments/snakemake/features_and_targets.pkl
    jobid: 2
    reason: Forced execution
    resources: tmpdir=/tmp

[Mon Aug 26 13:16:42 2024]
Finished job 2.
2 of 4 steps (50%) done
Select jobs to execute...
Execute 1 jobs...

[Mon Aug 26 13:16:42 2024]
localrule train_and_predict:
    input: experiments/snakemake/model_config.json, experiments/snakemake/features_and_targets.pkl
    output: experiments/snakemake/snn_results.pkl, experiments/snakemake/snn_model.pth
    jobid: 3
    reason: Forced execution
    resources: tmpdir=/tmp

[Mon Aug 26 13:16:59 2024]
Finished job 3.
3 of 4 steps (75%) done
Select jobs to execute...
Execute 1 jobs...

[Mon Aug 26 13:16:59 2024]
localrule all:
    input: experiments/snakemake/config.json, experiments/snakemake/model_config.json, experiments/snakemake/experiment_obj.pkl, experiments/snakemake/preprocessing_results_obj.pkl, experiments/snakemake/linear_regression_model.pkl, experiments/snakemake/features_and_targets.pkl, experiments/snakemake/snn_results.pkl, experiments/snakemake/snn_model.pth
    jobid: 0
    reason: Forced execution
    resources: tmpdir=/tmp

[Mon Aug 26 13:16:59 2024]
Finished job 0.
4 of 4 steps (100%) done
Complete log: .snakemake/log/2024-08-26T131611.737913.snakemake.log
