Building DAG of jobs...
Using shell: /usr/bin/bash
Provided cores: 57
Rules claiming more threads will be scaled down.
Job stats:
job                     count
--------------------  -------
all                         1
evaluate_model_GHIST        1
total                       2

Select jobs to execute...
Execute 1 jobs...

[Mon Sep  2 16:30:06 2024]
localrule evaluate_model_GHIST:
    input: experiments/new_jawn/config.json, experiments/new_jawn/snn_model.pth, experiments/new_jawn/inference_results_obj.pkl
    output: experiments/new_jawn/inferred_params_GHIST_bottleneck.txt
    jobid: 6
    reason: Missing output files: experiments/new_jawn/inferred_params_GHIST_bottleneck.txt
    resources: tmpdir=/tmp

[Mon Sep  2 16:30:10 2024]
Finished job 6.
1 of 2 steps (50%) done
Select jobs to execute...
Execute 1 jobs...

[Mon Sep  2 16:30:10 2024]
localrule all:
    input: experiments/new_jawn/config.json, experiments/new_jawn/model_config.json, experiments/new_jawn/experiment_obj.pkl, experiments/new_jawn/inference_config_file.json, experiments/new_jawn/preprocessing_results_obj.pkl, experiments/new_jawn/linear_regression_model.pkl, experiments/new_jawn/features_and_targets.pkl, experiments/new_jawn/snn_results.pkl, experiments/new_jawn/snn_model.pth, experiments/new_jawn/inference_results_obj.pkl, experiments/new_jawn/inferred_params_GHIST_bottleneck.txt, experiments/new_jawn/dadi_dict_inference.pkl, experiments/new_jawn/moments_dict_inference.pkl, experiments/new_jawn/momentsLD_dict_inference.pkl
    jobid: 0
    reason: Input files updated by another job: experiments/new_jawn/inferred_params_GHIST_bottleneck.txt
    resources: tmpdir=/tmp

[Mon Sep  2 16:30:10 2024]
Finished job 0.
2 of 2 steps (100%) done
Complete log: .snakemake/log/2024-09-02T163006.722214.snakemake.log
