Building DAG of jobs...
Using shell: /usr/bin/bash
Provided cores: 256
Rules claiming more threads will be scaled down.
Job stats:
job                  count
-----------------  -------
create_experiment        1
total                    1

Select jobs to execute...
Execute 1 jobs...

[Sun Aug 25 16:52:21 2024]
localrule create_experiment:
    output: output/config.pkl, output/experiment_obj.pkl
    jobid: 0
    reason: Missing output files: output/experiment_obj.pkl, output/config.pkl
    resources: tmpdir=/tmp

RuleException:
CalledProcessError in file /sietch_colab/akapoor/Demographic_Inference/Snakefile, line 8:
Command 'set -euo pipefail;  /home/akapoor/miniconda3/envs/snakemake-env/bin/python3.12 /sietch_colab/akapoor/Demographic_Inference/.snakemake/scripts/tmpusll_o8n.setup_experiment.py' returned non-zero exit status 1.
[Sun Aug 25 16:52:24 2024]
Error in rule create_experiment:
    jobid: 0
    output: output/config.pkl, output/experiment_obj.pkl

Shutting down, this might take some time.
Exiting because a job execution failed. Look above for error message
Complete log: .snakemake/log/2024-08-25T165221.624460.snakemake.log
WorkflowError:
At least one job did not complete successfully.
