Building DAG of jobs...
Using shell: /usr/bin/bash
Provided cores: 1 (use --cores to define parallelism)
Rules claiming more threads will be scaled down.
Job stats:
job                count
---------------  -------
obtain_features        1
total                  1

Select jobs to execute...
Execute 1 jobs...

[Mon Sep  2 14:39:50 2024]
localrule obtain_features:
    input: experiments/new_jawn/config.json, experiments/new_jawn/experiment_obj.pkl
    output: experiments/new_jawn/preprocessing_results_obj.pkl, experiments/new_jawn/linear_regression_model.pkl
    jobid: 0
    reason: Missing output files: experiments/new_jawn/linear_regression_model.pkl, experiments/new_jawn/preprocessing_results_obj.pkl
    resources: tmpdir=/tmp

[Mon Sep  2 14:40:40 2024]
Finished job 0.
1 of 1 steps (100%) done
Complete log: .snakemake/log/2024-09-02T143950.079590.snakemake.log
