Building DAG of jobs...
Using shell: /usr/bin/bash
Provided cores: 256
Rules claiming more threads will be scaled down.
Job stats:
job                  count
-----------------  -------
all                      1
create_experiment        1
get_features             1
obtain_features          1
train_and_predict        1
total                    5

Select jobs to execute...
Execute 1 jobs...

[Mon Aug 26 11:53:32 2024]
localrule create_experiment:
    output: experiments/snakemake/config.json, experiments/snakemake/experiment_obj.pkl, experiments/snakemake/model_config.json
    jobid: 1
    reason: Missing output files: experiments/snakemake/config.json, experiments/snakemake/model_config.json, experiments/snakemake/experiment_obj.pkl
    resources: tmpdir=/tmp

[Mon Aug 26 11:53:34 2024]
Finished job 1.
1 of 5 steps (20%) done
Select jobs to execute...
Execute 1 jobs...

[Mon Aug 26 11:53:34 2024]
localrule obtain_features:
    input: experiments/snakemake/config.json, experiments/snakemake/experiment_obj.pkl
    output: experiments/snakemake/preprocessing_results_obj.pkl, experiments/snakemake/linear_regression_model.pkl
    jobid: 2
    reason: Missing output files: experiments/snakemake/preprocessing_results_obj.pkl, experiments/snakemake/linear_regression_model.pkl; Input files updated by another job: experiments/snakemake/config.json, experiments/snakemake/experiment_obj.pkl
    resources: tmpdir=/tmp

[Mon Aug 26 11:54:09 2024]
Finished job 2.
2 of 5 steps (40%) done
Select jobs to execute...
Execute 1 jobs...

[Mon Aug 26 11:54:09 2024]
localrule get_features:
    input: experiments/snakemake/preprocessing_results_obj.pkl
    output: experiments/snakemake/features_and_targets.pkl
    jobid: 3
    reason: Missing output files: experiments/snakemake/features_and_targets.pkl; Input files updated by another job: experiments/snakemake/preprocessing_results_obj.pkl
    resources: tmpdir=/tmp

[Mon Aug 26 11:54:09 2024]
Finished job 3.
3 of 5 steps (60%) done
Select jobs to execute...
Execute 1 jobs...

[Mon Aug 26 11:54:09 2024]
localrule train_and_predict:
    input: experiments/snakemake/model_config.json, experiments/snakemake/features_and_targets.pkl
    output: experiments/snakemake/snn_results.pkl, experiments/snakemake/snn_model.pth
    jobid: 4
    reason: Missing output files: experiments/snakemake/snn_results.pkl, experiments/snakemake/snn_model.pth; Input files updated by another job: experiments/snakemake/model_config.json, experiments/snakemake/features_and_targets.pkl
    resources: tmpdir=/tmp

[Mon Aug 26 11:54:24 2024]
Error in rule train_and_predict:
    jobid: 4
    input: experiments/snakemake/model_config.json, experiments/snakemake/features_and_targets.pkl
    output: experiments/snakemake/snn_results.pkl, experiments/snakemake/snn_model.pth
    shell:
        
        PYTHONPATH=/sietch_colab/akapoor/Demographic_Inference python /sietch_colab/akapoor/Demographic_Inference/snakemake_scripts/setup_trainer.py         --model_config experiments/snakemake/model_config.json         --experiment_directory experiments/snakemake         --features_file experiments/snakemake/features_and_targets.pkl         --use_FIM False
        
        (one of the commands exited with non-zero exit code; note that snakemake uses bash strict mode!)

Shutting down, this might take some time.
Exiting because a job execution failed. Look above for error message
Complete log: .snakemake/log/2024-08-26T115332.444438.snakemake.log
WorkflowError:
At least one job did not complete successfully.
