Building DAG of jobs...
Using shell: /usr/bin/bash
Provided cores: 57
Rules claiming more threads will be scaled down.
Job stats:
job                  count
-----------------  -------
all                      1
get_features             1
obtain_features          1
train_and_predict        1
total                    4

Select jobs to execute...
Execute 1 jobs...

[Mon Sep  2 12:56:18 2024]
localrule obtain_features:
    input: experiments/new_jawn/config.json, experiments/new_jawn/experiment_obj.pkl
    output: experiments/new_jawn/preprocessing_results_obj.pkl, experiments/new_jawn/linear_regression_model.pkl
    jobid: 2
    reason: Missing output files: experiments/new_jawn/linear_regression_model.pkl, experiments/new_jawn/preprocessing_results_obj.pkl
    resources: tmpdir=/tmp

[Mon Sep  2 12:57:15 2024]
Finished job 2.
1 of 4 steps (25%) done
Select jobs to execute...
Execute 1 jobs...

[Mon Sep  2 12:57:15 2024]
localrule get_features:
    input: experiments/new_jawn/preprocessing_results_obj.pkl
    output: experiments/new_jawn/features_and_targets.pkl
    jobid: 3
    reason: Missing output files: experiments/new_jawn/features_and_targets.pkl; Input files updated by another job: experiments/new_jawn/preprocessing_results_obj.pkl
    resources: tmpdir=/tmp

[Mon Sep  2 12:57:15 2024]
Finished job 3.
2 of 4 steps (50%) done
Select jobs to execute...
Execute 1 jobs...

[Mon Sep  2 12:57:15 2024]
localrule train_and_predict:
    input: experiments/new_jawn/model_config.json, experiments/new_jawn/features_and_targets.pkl
    output: experiments/new_jawn/snn_results.pkl, experiments/new_jawn/snn_model.pth
    jobid: 4
    reason: Missing output files: experiments/new_jawn/snn_model.pth, experiments/new_jawn/snn_results.pkl; Input files updated by another job: experiments/new_jawn/features_and_targets.pkl
    resources: tmpdir=/tmp

[Mon Sep  2 12:57:23 2024]
Finished job 4.
3 of 4 steps (75%) done
Select jobs to execute...
Execute 1 jobs...

[Mon Sep  2 12:57:23 2024]
localrule all:
    input: experiments/new_jawn/config.json, experiments/new_jawn/model_config.json, experiments/new_jawn/experiment_obj.pkl, experiments/new_jawn/preprocessing_results_obj.pkl, experiments/new_jawn/linear_regression_model.pkl, experiments/new_jawn/features_and_targets.pkl, experiments/new_jawn/snn_results.pkl, experiments/new_jawn/snn_model.pth
    jobid: 0
    reason: Input files updated by another job: experiments/new_jawn/linear_regression_model.pkl, experiments/new_jawn/features_and_targets.pkl, experiments/new_jawn/snn_model.pth, experiments/new_jawn/preprocessing_results_obj.pkl, experiments/new_jawn/snn_results.pkl
    resources: tmpdir=/tmp

[Mon Sep  2 12:57:23 2024]
Finished job 0.
4 of 4 steps (100%) done
Complete log: .snakemake/log/2024-09-02T125618.475591.snakemake.log
