Building DAG of jobs...
Using shell: /usr/bin/bash
Provided cores: 1 (use --cores to define parallelism)
Rules claiming more threads will be scaled down.
Job stats:
job                  count
-----------------  -------
all                      1
get_features             1
obtain_features          1
train_and_predict        1
total                    4

Select jobs to execute...
Execute 1 jobs...

[Mon Aug 26 14:15:15 2024]
localrule obtain_features:
    input: experiments/snakemake/config.json, experiments/snakemake/experiment_obj.pkl
    output: experiments/snakemake/preprocessing_results_obj.pkl, experiments/snakemake/linear_regression_model.pkl
    jobid: 1
    reason: Forced execution
    resources: tmpdir=/tmp

Terminating processes on user request, this might take some time.
