Building DAG of jobs...
Using shell: /usr/bin/bash
Provided cores: 256
Rules claiming more threads will be scaled down.
Job stats:
job             count
------------  -------
all                 1
get_features        1
total               2

Select jobs to execute...
Execute 1 jobs...

[Sun Aug 25 17:57:38 2024]
localrule get_features:
    input: experiments/snakemake_test/preprocessing_results_obj.pkl
    output: experiments/snakemake_test/features_and_targets.pkl
    jobid: 3
    reason: Missing output files: experiments/snakemake_test/features_and_targets.pkl
    resources: tmpdir=/tmp

Waiting at most 5 seconds for missing files.
MissingOutputException in rule get_features in file /sietch_colab/akapoor/Demographic_Inference/Snakefile, line 53:
Job 3  completed successfully, but some output files are missing. Missing files after 5 seconds. This might be due to filesystem latency. If that is the case, consider to increase the wait time with --latency-wait:
experiments/snakemake_test/features_and_targets.pkl (missing locally, parent dir contents: config.json, experiment_obj.pkl, dadi_dict_training.pkl, moments_dict_training.pkl, momentsLD_dict_training.pkl, ground_truth_training.pkl, dadi_dict_validation.pkl, moments_dict_validation.pkl, momentsLD_dict_validation.pkl, ground_truth_validation.pkl, dadi_dict_testing.pkl, moments_dict_testing.pkl, momentsLD_dict_testing.pkl, ground_truth_testing.pkl, outlier_indices_dadi_training.csv, outlier_indices_moments_training.csv, outlier_indices_dadi_validation.csv, outlier_indices_moments_validation.csv, outlier_indices_dadi_testing.csv, outlier_indices_moments_testing.csv, preprocessing_results_obj.pkl, preprocessing_results.png, preprocessing_results_testing.png, linear_mdl_obj.pkl, linear_results.png, preprocessing_data_error.txt, linear_regression_model.pkl)
Shutting down, this might take some time.
Exiting because a job execution failed. Look above for error message
Complete log: .snakemake/log/2024-08-25T175738.365135.snakemake.log
WorkflowError:
At least one job did not complete successfully.
