Building DAG of jobs...
Using shell: /usr/bin/bash
Provided cores: 57
Rules claiming more threads will be scaled down.
Job stats:
job                     count
--------------------  -------
all                         1
create_experiment           1
evaluate_model_GHIST        1
get_features                1
get_inferred_params         1
obtain_features             1
train_and_predict           1
total                       7

Select jobs to execute...
Execute 1 jobs...

[Mon Sep  2 16:32:18 2024]
localrule create_experiment:
    output: experiments/new_jawn/config.json, experiments/new_jawn/experiment_obj.pkl, experiments/new_jawn/model_config.json, experiments/new_jawn/inference_config_file.json
    jobid: 1
    reason: Missing output files: experiments/new_jawn/config.json, experiments/new_jawn/model_config.json, experiments/new_jawn/inference_config_file.json, experiments/new_jawn/experiment_obj.pkl
    resources: tmpdir=/tmp

[Mon Sep  2 16:32:20 2024]
Finished job 1.
1 of 7 steps (14%) done
Select jobs to execute...
Execute 2 jobs...

[Mon Sep  2 16:32:20 2024]
localrule obtain_features:
    input: experiments/new_jawn/config.json, experiments/new_jawn/experiment_obj.pkl
    output: experiments/new_jawn/preprocessing_results_obj.pkl, experiments/new_jawn/linear_regression_model.pkl
    jobid: 2
    reason: Missing output files: experiments/new_jawn/linear_regression_model.pkl, experiments/new_jawn/preprocessing_results_obj.pkl; Input files updated by another job: experiments/new_jawn/config.json, experiments/new_jawn/experiment_obj.pkl; Params have changed since last execution
    resources: tmpdir=/tmp


[Mon Sep  2 16:32:20 2024]
localrule get_inferred_params:
    input: experiments/new_jawn/config.json
    output: experiments/new_jawn/inference_results_obj.pkl, experiments/new_jawn/dadi_dict_inference.pkl, experiments/new_jawn/moments_dict_inference.pkl, experiments/new_jawn/momentsLD_dict_inference.pkl
    jobid: 5
    reason: Missing output files: experiments/new_jawn/momentsLD_dict_inference.pkl, experiments/new_jawn/inference_results_obj.pkl, experiments/new_jawn/dadi_dict_inference.pkl, experiments/new_jawn/moments_dict_inference.pkl; Input files updated by another job: experiments/new_jawn/config.json
    resources: tmpdir=/tmp

[Mon Sep  2 16:32:32 2024]
Finished job 5.
2 of 7 steps (29%) done
[Mon Sep  2 16:39:23 2024]
Finished job 2.
3 of 7 steps (43%) done
Select jobs to execute...
Execute 1 jobs...

[Mon Sep  2 16:39:23 2024]
localrule get_features:
    input: experiments/new_jawn/preprocessing_results_obj.pkl
    output: experiments/new_jawn/features_and_targets.pkl
    jobid: 3
    reason: Missing output files: experiments/new_jawn/features_and_targets.pkl; Input files updated by another job: experiments/new_jawn/preprocessing_results_obj.pkl
    resources: tmpdir=/tmp

[Mon Sep  2 16:39:23 2024]
Finished job 3.
4 of 7 steps (57%) done
Select jobs to execute...
Execute 1 jobs...

[Mon Sep  2 16:39:23 2024]
localrule train_and_predict:
    input: experiments/new_jawn/model_config.json, experiments/new_jawn/features_and_targets.pkl
    output: experiments/new_jawn/snn_results.pkl, experiments/new_jawn/snn_model.pth
    jobid: 4
    reason: Missing output files: experiments/new_jawn/snn_model.pth, experiments/new_jawn/snn_results.pkl; Input files updated by another job: experiments/new_jawn/features_and_targets.pkl, experiments/new_jawn/model_config.json
    resources: tmpdir=/tmp

[Mon Sep  2 16:39:34 2024]
Finished job 4.
5 of 7 steps (71%) done
Select jobs to execute...
Execute 1 jobs...

[Mon Sep  2 16:39:34 2024]
localrule evaluate_model_GHIST:
    input: experiments/new_jawn/config.json, experiments/new_jawn/snn_model.pth, experiments/new_jawn/inference_results_obj.pkl
    output: experiments/new_jawn/inferred_params_GHIST_bottleneck.txt
    jobid: 6
    reason: Missing output files: experiments/new_jawn/inferred_params_GHIST_bottleneck.txt; Input files updated by another job: experiments/new_jawn/snn_model.pth, experiments/new_jawn/config.json, experiments/new_jawn/inference_results_obj.pkl
    resources: tmpdir=/tmp

[Mon Sep  2 16:39:37 2024]
Finished job 6.
6 of 7 steps (86%) done
Select jobs to execute...
Execute 1 jobs...

[Mon Sep  2 16:39:37 2024]
localrule all:
    input: experiments/new_jawn/config.json, experiments/new_jawn/model_config.json, experiments/new_jawn/experiment_obj.pkl, experiments/new_jawn/inference_config_file.json, experiments/new_jawn/preprocessing_results_obj.pkl, experiments/new_jawn/linear_regression_model.pkl, experiments/new_jawn/features_and_targets.pkl, experiments/new_jawn/snn_results.pkl, experiments/new_jawn/snn_model.pth, experiments/new_jawn/inference_results_obj.pkl, experiments/new_jawn/inferred_params_GHIST_bottleneck.txt, experiments/new_jawn/dadi_dict_inference.pkl, experiments/new_jawn/moments_dict_inference.pkl, experiments/new_jawn/momentsLD_dict_inference.pkl
    jobid: 0
    reason: Input files updated by another job: experiments/new_jawn/snn_model.pth, experiments/new_jawn/momentsLD_dict_inference.pkl, experiments/new_jawn/inferred_params_GHIST_bottleneck.txt, experiments/new_jawn/moments_dict_inference.pkl, experiments/new_jawn/dadi_dict_inference.pkl, experiments/new_jawn/linear_regression_model.pkl, experiments/new_jawn/config.json, experiments/new_jawn/preprocessing_results_obj.pkl, experiments/new_jawn/model_config.json, experiments/new_jawn/inference_config_file.json, experiments/new_jawn/experiment_obj.pkl, experiments/new_jawn/snn_results.pkl, experiments/new_jawn/features_and_targets.pkl, experiments/new_jawn/inference_results_obj.pkl
    resources: tmpdir=/tmp

[Mon Sep  2 16:39:37 2024]
Finished job 0.
7 of 7 steps (100%) done
Complete log: .snakemake/log/2024-09-02T163218.070717.snakemake.log
