Building DAG of jobs...
Using shell: /usr/bin/bash
Provided cores: 256
Rules claiming more threads will be scaled down.
Job stats:
job                 count
----------------  -------
setup_experiment        1
total                   1

Select jobs to execute...
Execute 1 jobs...

[Fri Aug 23 15:21:41 2024]
localrule setup_experiment:
    output: config.pkl, experiment_obj.pkl
    jobid: 0
    reason: Missing output files: experiment_obj.pkl, config.pkl
    resources: tmpdir=/tmp

RuleException:
CalledProcessError in file /sietch_colab/akapoor/Demographic_Inference/Snakefile, line 8:
Command 'set -euo pipefail;  /home/akapoor/miniconda3/envs/snakemake-env/bin/python3.12 /sietch_colab/akapoor/Demographic_Inference/.snakemake/scripts/tmpfq8vw6li.setup_experiment.py' returned non-zero exit status 1.
[Fri Aug 23 15:21:42 2024]
Error in rule setup_experiment:
    jobid: 0
    output: config.pkl, experiment_obj.pkl

Shutting down, this might take some time.
Exiting because a job execution failed. Look above for error message
Complete log: .snakemake/log/2024-08-23T152141.333531.snakemake.log
WorkflowError:
At least one job did not complete successfully.
