Building DAG of jobs...
Using shell: /usr/bin/bash
Provided cores: 256
Rules claiming more threads will be scaled down.
Job stats:
job                  count
-----------------  -------
all                      1
create_experiment        1
get_features             1
obtain_features          1
train_and_predict        1
total                    5

Select jobs to execute...
Execute 1 jobs...

[Mon Aug 26 14:40:34 2024]
localrule create_experiment:
    output: experiments/snakemake/config.json, experiments/snakemake/experiment_obj.pkl, experiments/snakemake/model_config.json
    jobid: 1
    reason: Missing output files: experiments/snakemake/model_config.json, experiments/snakemake/experiment_obj.pkl, experiments/snakemake/config.json
    resources: tmpdir=/tmp

[Mon Aug 26 14:40:37 2024]
Error in rule create_experiment:
    jobid: 1
    output: experiments/snakemake/config.json, experiments/snakemake/experiment_obj.pkl, experiments/snakemake/model_config.json

Shutting down, this might take some time.
Exiting because a job execution failed. Look above for error message
Complete log: .snakemake/log/2024-08-26T144034.792489.snakemake.log
WorkflowError:
At least one job did not complete successfully.
